<?xml version="1.0" encoding="UTF-8"?>
<!-- Generated by org.testng.reporters.JUnitReportReporter -->
<testsuite skipped="0" hostname="admin-PC" name="com.tk.testcases.ExploreTest" tests="1" failures="0" timestamp="09 Dec 2017 05:35:02 GMT" time="18.387" errors="0">
  <testcase name="exploreTest" time="18.387" classname="com.tk.testcases.ExploreTest"/>
</testsuite> <!-- com.tk.testcases.ExploreTest -->
