<?xml version="1.0" encoding="UTF-8"?>
<!-- Generated by org.testng.reporters.JUnitReportReporter -->
<testsuite skipped="0" hostname="admin-PC" name="com.tk.testcases.AssembleDataUpload" tests="1" failures="0" timestamp="09 Dec 2017 05:35:02 GMT" time="7.745" errors="0">
  <testcase name="assembleDataUpload" time="7.745" classname="com.tk.testcases.AssembleDataUpload"/>
</testsuite> <!-- com.tk.testcases.AssembleDataUpload -->
