<?xml version="1.0" encoding="UTF-8"?>
<!-- Generated by org.testng.reporters.JUnitReportReporter -->
<testsuite skipped="0" hostname="admin-PC" name="com.tk.testcases.TkLoginTest" tests="1" failures="0" timestamp="09 Dec 2017 05:35:02 GMT" time="14.220" errors="0">
  <testcase name="tkLoginTest" time="14.220" classname="com.tk.testcases.TkLoginTest"/>
</testsuite> <!-- com.tk.testcases.TkLoginTest -->
